2026/04/22 23:48:01 Warning: Database unavailable, history logging disabled: failed to ping database: failed to connect to `host=localhost user=postgres database=address_parse`: dial error (dial tcp 127.0.0.1:5432: connect: connection refused)
2026/04/22 23:48:01 Server starting on port 8080
[DEBUG] appID="client_001" timestamp="" signature=""
[DEBUG] appID="client_001" timestamp="1776872929" signature="6wz7svt9uV1rJaa3Bdi0b3MXZ253iSNjRJLOz4NMFTo="
[DEBUG] body="{\"address\":\"北京市海淀区中关村大街1号\"}" expectedSig="6wz7svt9uV1rJaa3Bdi0b3MXZ253iSNjRJLOz4NMFTo="
[DEBUG] appID="client_001" timestamp="1776872937" signature="vgJHryJDgeeLjFTLlWluib9q6kKhbnqkzPQKkyMDwiQ="
[DEBUG] body="{\"address\":\"北京市某街道123号\"}" expectedSig="vgJHryJDgeeLjFTLlWluib9q6kKhbnqkzPQKkyMDwiQ="
[DEBUG] appID="client_001" timestamp="1776873093" signature="s6PQQXhzGxx2VMMdFx9CvT6bKjsIwVOxe945z1fUplM="
[DEBUG] body="{\"text\":\"深圳市智腾达软件技术有限公司，张三， 15361237638 ，广东省惠州市辰芊科技有限公司河南岸街道金湖社区张屋山一巷二号\"}" expectedSig="s6PQQXhzGxx2VMMdFx9CvT6bKjsIwVOxe945z1fUplM="
[DEBUG] appID="client_001" timestamp="1776873105" signature="s1A2V6naSiKb+kVcNa/ZAad2oo9yHy3F2DOPM6EWGnw="
[DEBUG] body="{\"text\":\"深圳市智腾达软件技术有限公司，张三， 15361237638 ，广东省惠州市辰芊科技有限公司河南岸街道金湖社区张屋山一巷二号\"}" expectedSig="s1A2V6naSiKb+kVcNa/ZAad2oo9yHy3F2DOPM6EWGnw="
[DEBUG] appID="client_001" timestamp="1776873215" signature="53hyOYU4XXcIA4/VjdhzadXXwYqTw5jD1kW2fNkrcPc="
[DEBUG] body="{\"text\":\"深圳市智腾达软件技术有限公司，张三， 15361237638 ，广东省惠州市广东省惠州市辰芊科技有限公司河南岸街道金湖社区张屋山一巷二号\"}" expectedSig="53hyOYU4XXcIA4/VjdhzadXXwYqTw5jD1kW2fNkrcPc="
[DEBUG] appID="client_001" timestamp="1776873221" signature="c7YNosrklhMOppjPjMRcN1gixZybL7rbW0w8v8TeKto="
[DEBUG] body="{\"text\":\"深圳市智腾达软件技术有限公司，张三， 15361237638 ，广东省惠州市广东省惠州市辰芊科技有限公司河南岸街道金湖社区张屋山一巷二号\"}" expectedSig="c7YNosrklhMOppjPjMRcN1gixZybL7rbW0w8v8TeKto="
[DEBUG] appID="client_001" timestamp="1776873251" signature="62uR5hBHy2O58QEdxARSUojbwVmBbWWNVX/UdeWqgPA="
[DEBUG] body="{\"text\":\"深圳市智腾达软件技术有限公司，张三， 15361237638 ，广东省惠州市广东省惠州市辰芊科技有限公司河南岸街道金湖社区张屋山一巷二号\"}" expectedSig="62uR5hBHy2O58QEdxARSUojbwVmBbWWNVX/UdeWqgPA="
[DEBUG] appID="client_001" timestamp="1776873327" signature="ya+E4cuMaobt1vYVC40f+tgKl7ZO/IgJD/1pvSiFIGs="
[DEBUG] body="{\"text\":\"深圳市智腾达软件技术有限公司，张三， 15361237638 ，广东省惠州市广东省惠州市辰芊科技有限公司河南岸街道金湖社区张屋山一巷二号\"}" expectedSig="ya+E4cuMaobt1vYVC40f+tgKl7ZO/IgJD/1pvSiFIGs="
[DEBUG] appID="client_001" timestamp="1776873566" signature="NfIqjocHs6Q5XYYa9qS3Rcr2CCFTA+vYm9LK6F7y6LI="
[DEBUG] body="{\"text\":\"深圳市智腾达软件技术有限公司，张三， 15361237638 ，广东省惠州市辰芊科技有限公司河南岸街道金湖社区张屋山一巷二号\"}" expectedSig="NfIqjocHs6Q5XYYa9qS3Rcr2CCFTA+vYm9LK6F7y6LI="
[DEBUG] appID="client_001" timestamp="1776873575" signature="hftU2YXLtuFpvK3J7g+MU1xx33Okkq4lqqFtI0iu9sU="
[DEBUG] body="{\"text\":\"深圳市智腾达软件技术有限公司，张三， 15361237638 ，广东省惠州市广东省惠州市辰芊科技有限公司河南岸街道金湖社区张屋山一巷二号\"}" expectedSig="hftU2YXLtuFpvK3J7g+MU1xx33Okkq4lqqFtI0iu9sU="
2026/04/23 00:03:32 Server exited
